INFO:     Started server process [6760]
INFO:     Waiting for application startup.
INFO:     Application startup complete.
INFO:     Uvicorn running on http://127.0.0.1:8000 (Press CTRL+C to quit)
INFO:     127.0.0.1:58235 - "POST /api/auth/login HTTP/1.1" 200 OK
INFO:     127.0.0.1:58237 - "GET /api/users?page=1 HTTP/1.1" 200 OK
INFO:     127.0.0.1:53509 - "POST /api/auth/login HTTP/1.1" 200 OK
INFO:     127.0.0.1:61683 - "GET /api/users?page=1&per_page=25 HTTP/1.1" 200 OK
INFO:     127.0.0.1:52138 - "GET /api/users?page=1&per_page=25 HTTP/1.1" 200 OK
INFO:     127.0.0.1:61621 - "GET /api/users?page=1&per_page=25 HTTP/1.1" 200 OK
INFO:     127.0.0.1:61623 - "GET /api/users?page=1&per_page=25 HTTP/1.1" 200 OK
INFO:     127.0.0.1:54308 - "GET /api/users/100001 HTTP/1.1" 200 OK
INFO:     127.0.0.1:54310 - "GET /api/users/100001/logs HTTP/1.1" 500 Internal Server Error
ERROR:    Exception in ASGI application
Traceback (most recent call last):
  File "C:\Users\Hezh PC\AppData\Local\Programs\Python\Python312\Lib\site-packages\uvicorn\protocols\http\httptools_impl.py", line 399, in run_asgi
    result = await app(  # type: ignore[func-returns-value]
             ^^^^^^^^^^^^^^^^^^^^^^^^^^^^^^^^^^^^^^^^^^^^^^
  File "C:\Users\Hezh PC\AppData\Local\Programs\Python\Python312\Lib\site-packages\uvicorn\middleware\proxy_headers.py", line 70, in __call__
    return await self.app(scope, receive, send)
           ^^^^^^^^^^^^^^^^^^^^^^^^^^^^^^^^^^^^
  File "C:\Users\Hezh PC\AppData\Local\Programs\Python\Python312\Lib\site-packages\fastapi\applications.py", line 1054, in __call__
    await super().__call__(scope, receive, send)
  File "C:\Users\Hezh PC\AppData\Local\Programs\Python\Python312\Lib\site-packages\starlette\applications.py", line 123, in __call__
    await self.middleware_stack(scope, receive, send)
  File "C:\Users\Hezh PC\AppData\Local\Programs\Python\Python312\Lib\site-packages\starlette\middleware\errors.py", line 186, in __call__
    raise exc
  File "C:\Users\Hezh PC\AppData\Local\Programs\Python\Python312\Lib\site-packages\starlette\middleware\errors.py", line 164, in __call__
    await self.app(scope, receive, _send)
  File "C:\Users\Hezh PC\AppData\Local\Programs\Python\Python312\Lib\site-packages\starlette\middleware\cors.py", line 85, in __call__
    await self.app(scope, receive, send)
  File "C:\Users\Hezh PC\AppData\Local\Programs\Python\Python312\Lib\site-packages\starlette\middleware\exceptions.py", line 65, in __call__
    await wrap_app_handling_exceptions(self.app, conn)(scope, receive, send)
  File "C:\Users\Hezh PC\AppData\Local\Programs\Python\Python312\Lib\site-packages\starlette\_exception_handler.py", line 64, in wrapped_app
    raise exc
  File "C:\Users\Hezh PC\AppData\Local\Programs\Python\Python312\Lib\site-packages\starlette\_exception_handler.py", line 53, in wrapped_app
    await app(scope, receive, sender)
  File "C:\Users\Hezh PC\AppData\Local\Programs\Python\Python312\Lib\site-packages\starlette\routing.py", line 756, in __call__
    await self.middleware_stack(scope, receive, send)
  File "C:\Users\Hezh PC\AppData\Local\Programs\Python\Python312\Lib\site-packages\starlette\routing.py", line 776, in app
    await route.handle(scope, receive, send)
  File "C:\Users\Hezh PC\AppData\Local\Programs\Python\Python312\Lib\site-packages\starlette\routing.py", line 297, in handle
    await self.app(scope, receive, send)
  File "C:\Users\Hezh PC\AppData\Local\Programs\Python\Python312\Lib\site-packages\starlette\routing.py", line 77, in app
    await wrap_app_handling_exceptions(app, request)(scope, receive, send)
  File "C:\Users\Hezh PC\AppData\Local\Programs\Python\Python312\Lib\site-packages\starlette\_exception_handler.py", line 64, in wrapped_app
    raise exc
  File "C:\Users\Hezh PC\AppData\Local\Programs\Python\Python312\Lib\site-packages\starlette\_exception_handler.py", line 53, in wrapped_app
    await app(scope, receive, sender)
  File "C:\Users\Hezh PC\AppData\Local\Programs\Python\Python312\Lib\site-packages\starlette\routing.py", line 72, in app
    response = await func(request)
               ^^^^^^^^^^^^^^^^^^^
  File "C:\Users\Hezh PC\AppData\Local\Programs\Python\Python312\Lib\site-packages\fastapi\routing.py", line 278, in app
    raw_response = await run_endpoint_function(
                   ^^^^^^^^^^^^^^^^^^^^^^^^^^^^
  File "C:\Users\Hezh PC\AppData\Local\Programs\Python\Python312\Lib\site-packages\fastapi\routing.py", line 191, in run_endpoint_function
    return await dependant.call(**values)
           ^^^^^^^^^^^^^^^^^^^^^^^^^^^^^^
  File "C:\Users\Hezh PC\Desktop\projects\ŕäěčíęŕáĺăáîň\admin\backend\routers\logs.py", line 45, in get_user_logs
    items.append(SessionLogItem(
                 ^^^^^^^^^^^^^^^
  File "C:\Users\Hezh PC\AppData\Local\Programs\Python\Python312\Lib\site-packages\pydantic\main.py", line 176, in __init__
    self.__pydantic_validator__.validate_python(data, self_instance=self)
pydantic_core._pydantic_core.ValidationError: 1 validation error for SessionLogItem
date
  Input should be None [type=none_required, input_value=datetime.date(2026, 3, 30), input_type=date]
    For further information visit https://errors.pydantic.dev/2.7/v/none_required
INFO:     127.0.0.1:54312 - "GET /api/users/100001 HTTP/1.1" 200 OK
INFO:     127.0.0.1:54314 - "GET /api/users/100001/logs HTTP/1.1" 500 Internal Server Error
ERROR:    Exception in ASGI application
Traceback (most recent call last):
  File "C:\Users\Hezh PC\AppData\Local\Programs\Python\Python312\Lib\site-packages\uvicorn\protocols\http\httptools_impl.py", line 399, in run_asgi
    result = await app(  # type: ignore[func-returns-value]
             ^^^^^^^^^^^^^^^^^^^^^^^^^^^^^^^^^^^^^^^^^^^^^^
  File "C:\Users\Hezh PC\AppData\Local\Programs\Python\Python312\Lib\site-packages\uvicorn\middleware\proxy_headers.py", line 70, in __call__
    return await self.app(scope, receive, send)
           ^^^^^^^^^^^^^^^^^^^^^^^^^^^^^^^^^^^^
  File "C:\Users\Hezh PC\AppData\Local\Programs\Python\Python312\Lib\site-packages\fastapi\applications.py", line 1054, in __call__
    await super().__call__(scope, receive, send)
  File "C:\Users\Hezh PC\AppData\Local\Programs\Python\Python312\Lib\site-packages\starlette\applications.py", line 123, in __call__
    await self.middleware_stack(scope, receive, send)
  File "C:\Users\Hezh PC\AppData\Local\Programs\Python\Python312\Lib\site-packages\starlette\middleware\errors.py", line 186, in __call__
    raise exc
  File "C:\Users\Hezh PC\AppData\Local\Programs\Python\Python312\Lib\site-packages\starlette\middleware\errors.py", line 164, in __call__
    await self.app(scope, receive, _send)
  File "C:\Users\Hezh PC\AppData\Local\Programs\Python\Python312\Lib\site-packages\starlette\middleware\cors.py", line 85, in __call__
    await self.app(scope, receive, send)
  File "C:\Users\Hezh PC\AppData\Local\Programs\Python\Python312\Lib\site-packages\starlette\middleware\exceptions.py", line 65, in __call__
    await wrap_app_handling_exceptions(self.app, conn)(scope, receive, send)
  File "C:\Users\Hezh PC\AppData\Local\Programs\Python\Python312\Lib\site-packages\starlette\_exception_handler.py", line 64, in wrapped_app
    raise exc
  File "C:\Users\Hezh PC\AppData\Local\Programs\Python\Python312\Lib\site-packages\starlette\_exception_handler.py", line 53, in wrapped_app
    await app(scope, receive, sender)
  File "C:\Users\Hezh PC\AppData\Local\Programs\Python\Python312\Lib\site-packages\starlette\routing.py", line 756, in __call__
    await self.middleware_stack(scope, receive, send)
  File "C:\Users\Hezh PC\AppData\Local\Programs\Python\Python312\Lib\site-packages\starlette\routing.py", line 776, in app
    await route.handle(scope, receive, send)
  File "C:\Users\Hezh PC\AppData\Local\Programs\Python\Python312\Lib\site-packages\starlette\routing.py", line 297, in handle
    await self.app(scope, receive, send)
  File "C:\Users\Hezh PC\AppData\Local\Programs\Python\Python312\Lib\site-packages\starlette\routing.py", line 77, in app
    await wrap_app_handling_exceptions(app, request)(scope, receive, send)
  File "C:\Users\Hezh PC\AppData\Local\Programs\Python\Python312\Lib\site-packages\starlette\_exception_handler.py", line 64, in wrapped_app
    raise exc
  File "C:\Users\Hezh PC\AppData\Local\Programs\Python\Python312\Lib\site-packages\starlette\_exception_handler.py", line 53, in wrapped_app
    await app(scope, receive, sender)
  File "C:\Users\Hezh PC\AppData\Local\Programs\Python\Python312\Lib\site-packages\starlette\routing.py", line 72, in app
    response = await func(request)
               ^^^^^^^^^^^^^^^^^^^
  File "C:\Users\Hezh PC\AppData\Local\Programs\Python\Python312\Lib\site-packages\fastapi\routing.py", line 278, in app
    raw_response = await run_endpoint_function(
                   ^^^^^^^^^^^^^^^^^^^^^^^^^^^^
  File "C:\Users\Hezh PC\AppData\Local\Programs\Python\Python312\Lib\site-packages\fastapi\routing.py", line 191, in run_endpoint_function
    return await dependant.call(**values)
           ^^^^^^^^^^^^^^^^^^^^^^^^^^^^^^
  File "C:\Users\Hezh PC\Desktop\projects\ŕäěčíęŕáĺăáîň\admin\backend\routers\logs.py", line 45, in get_user_logs
    items.append(SessionLogItem(
                 ^^^^^^^^^^^^^^^
  File "C:\Users\Hezh PC\AppData\Local\Programs\Python\Python312\Lib\site-packages\pydantic\main.py", line 176, in __init__
    self.__pydantic_validator__.validate_python(data, self_instance=self)
pydantic_core._pydantic_core.ValidationError: 1 validation error for SessionLogItem
date
  Input should be None [type=none_required, input_value=datetime.date(2026, 3, 30), input_type=date]
    For further information visit https://errors.pydantic.dev/2.7/v/none_required
INFO:     127.0.0.1:54835 - "GET /api/users?page=1&per_page=25 HTTP/1.1" 200 OK
INFO:     127.0.0.1:51042 - "GET /api/users?page=1&per_page=25 HTTP/1.1" 200 OK
INFO:     127.0.0.1:60541 - "GET /api/users/100001 HTTP/1.1" 200 OK
INFO:     127.0.0.1:60543 - "GET /api/users/100001/logs HTTP/1.1" 500 Internal Server Error
ERROR:    Exception in ASGI application
Traceback (most recent call last):
  File "C:\Users\Hezh PC\AppData\Local\Programs\Python\Python312\Lib\site-packages\uvicorn\protocols\http\httptools_impl.py", line 399, in run_asgi
    result = await app(  # type: ignore[func-returns-value]
             ^^^^^^^^^^^^^^^^^^^^^^^^^^^^^^^^^^^^^^^^^^^^^^
  File "C:\Users\Hezh PC\AppData\Local\Programs\Python\Python312\Lib\site-packages\uvicorn\middleware\proxy_headers.py", line 70, in __call__
    return await self.app(scope, receive, send)
           ^^^^^^^^^^^^^^^^^^^^^^^^^^^^^^^^^^^^
  File "C:\Users\Hezh PC\AppData\Local\Programs\Python\Python312\Lib\site-packages\fastapi\applications.py", line 1054, in __call__
    await super().__call__(scope, receive, send)
  File "C:\Users\Hezh PC\AppData\Local\Programs\Python\Python312\Lib\site-packages\starlette\applications.py", line 123, in __call__
    await self.middleware_stack(scope, receive, send)
  File "C:\Users\Hezh PC\AppData\Local\Programs\Python\Python312\Lib\site-packages\starlette\middleware\errors.py", line 186, in __call__
    raise exc
  File "C:\Users\Hezh PC\AppData\Local\Programs\Python\Python312\Lib\site-packages\starlette\middleware\errors.py", line 164, in __call__
    await self.app(scope, receive, _send)
  File "C:\Users\Hezh PC\AppData\Local\Programs\Python\Python312\Lib\site-packages\starlette\middleware\cors.py", line 85, in __call__
    await self.app(scope, receive, send)
  File "C:\Users\Hezh PC\AppData\Local\Programs\Python\Python312\Lib\site-packages\starlette\middleware\exceptions.py", line 65, in __call__
    await wrap_app_handling_exceptions(self.app, conn)(scope, receive, send)
  File "C:\Users\Hezh PC\AppData\Local\Programs\Python\Python312\Lib\site-packages\starlette\_exception_handler.py", line 64, in wrapped_app
    raise exc
  File "C:\Users\Hezh PC\AppData\Local\Programs\Python\Python312\Lib\site-packages\starlette\_exception_handler.py", line 53, in wrapped_app
    await app(scope, receive, sender)
  File "C:\Users\Hezh PC\AppData\Local\Programs\Python\Python312\Lib\site-packages\starlette\routing.py", line 756, in __call__
    await self.middleware_stack(scope, receive, send)
  File "C:\Users\Hezh PC\AppData\Local\Programs\Python\Python312\Lib\site-packages\starlette\routing.py", line 776, in app
    await route.handle(scope, receive, send)
  File "C:\Users\Hezh PC\AppData\Local\Programs\Python\Python312\Lib\site-packages\starlette\routing.py", line 297, in handle
    await self.app(scope, receive, send)
  File "C:\Users\Hezh PC\AppData\Local\Programs\Python\Python312\Lib\site-packages\starlette\routing.py", line 77, in app
    await wrap_app_handling_exceptions(app, request)(scope, receive, send)
  File "C:\Users\Hezh PC\AppData\Local\Programs\Python\Python312\Lib\site-packages\starlette\_exception_handler.py", line 64, in wrapped_app
    raise exc
  File "C:\Users\Hezh PC\AppData\Local\Programs\Python\Python312\Lib\site-packages\starlette\_exception_handler.py", line 53, in wrapped_app
    await app(scope, receive, sender)
  File "C:\Users\Hezh PC\AppData\Local\Programs\Python\Python312\Lib\site-packages\starlette\routing.py", line 72, in app
    response = await func(request)
               ^^^^^^^^^^^^^^^^^^^
  File "C:\Users\Hezh PC\AppData\Local\Programs\Python\Python312\Lib\site-packages\fastapi\routing.py", line 278, in app
    raw_response = await run_endpoint_function(
                   ^^^^^^^^^^^^^^^^^^^^^^^^^^^^
  File "C:\Users\Hezh PC\AppData\Local\Programs\Python\Python312\Lib\site-packages\fastapi\routing.py", line 191, in run_endpoint_function
    return await dependant.call(**values)
           ^^^^^^^^^^^^^^^^^^^^^^^^^^^^^^
  File "C:\Users\Hezh PC\Desktop\projects\ŕäěčíęŕáĺăáîň\admin\backend\routers\logs.py", line 45, in get_user_logs
    items.append(SessionLogItem(
                 ^^^^^^^^^^^^^^^
  File "C:\Users\Hezh PC\AppData\Local\Programs\Python\Python312\Lib\site-packages\pydantic\main.py", line 176, in __init__
    self.__pydantic_validator__.validate_python(data, self_instance=self)
pydantic_core._pydantic_core.ValidationError: 1 validation error for SessionLogItem
date
  Input should be None [type=none_required, input_value=datetime.date(2026, 3, 30), input_type=date]
    For further information visit https://errors.pydantic.dev/2.7/v/none_required
INFO:     127.0.0.1:62137 - "GET /api/users/100001 HTTP/1.1" 200 OK
INFO:     127.0.0.1:55724 - "GET /api/users/100001/logs HTTP/1.1" 500 Internal Server Error
ERROR:    Exception in ASGI application
Traceback (most recent call last):
  File "C:\Users\Hezh PC\AppData\Local\Programs\Python\Python312\Lib\site-packages\uvicorn\protocols\http\httptools_impl.py", line 399, in run_asgi
    result = await app(  # type: ignore[func-returns-value]
             ^^^^^^^^^^^^^^^^^^^^^^^^^^^^^^^^^^^^^^^^^^^^^^
  File "C:\Users\Hezh PC\AppData\Local\Programs\Python\Python312\Lib\site-packages\uvicorn\middleware\proxy_headers.py", line 70, in __call__
    return await self.app(scope, receive, send)
           ^^^^^^^^^^^^^^^^^^^^^^^^^^^^^^^^^^^^
  File "C:\Users\Hezh PC\AppData\Local\Programs\Python\Python312\Lib\site-packages\fastapi\applications.py", line 1054, in __call__
    await super().__call__(scope, receive, send)
  File "C:\Users\Hezh PC\AppData\Local\Programs\Python\Python312\Lib\site-packages\starlette\applications.py", line 123, in __call__
    await self.middleware_stack(scope, receive, send)
  File "C:\Users\Hezh PC\AppData\Local\Programs\Python\Python312\Lib\site-packages\starlette\middleware\errors.py", line 186, in __call__
    raise exc
  File "C:\Users\Hezh PC\AppData\Local\Programs\Python\Python312\Lib\site-packages\starlette\middleware\errors.py", line 164, in __call__
    await self.app(scope, receive, _send)
  File "C:\Users\Hezh PC\AppData\Local\Programs\Python\Python312\Lib\site-packages\starlette\middleware\cors.py", line 85, in __call__
    await self.app(scope, receive, send)
  File "C:\Users\Hezh PC\AppData\Local\Programs\Python\Python312\Lib\site-packages\starlette\middleware\exceptions.py", line 65, in __call__
    await wrap_app_handling_exceptions(self.app, conn)(scope, receive, send)
  File "C:\Users\Hezh PC\AppData\Local\Programs\Python\Python312\Lib\site-packages\starlette\_exception_handler.py", line 64, in wrapped_app
    raise exc
  File "C:\Users\Hezh PC\AppData\Local\Programs\Python\Python312\Lib\site-packages\starlette\_exception_handler.py", line 53, in wrapped_app
    await app(scope, receive, sender)
  File "C:\Users\Hezh PC\AppData\Local\Programs\Python\Python312\Lib\site-packages\starlette\routing.py", line 756, in __call__
    await self.middleware_stack(scope, receive, send)
  File "C:\Users\Hezh PC\AppData\Local\Programs\Python\Python312\Lib\site-packages\starlette\routing.py", line 776, in app
    await route.handle(scope, receive, send)
  File "C:\Users\Hezh PC\AppData\Local\Programs\Python\Python312\Lib\site-packages\starlette\routing.py", line 297, in handle
    await self.app(scope, receive, send)
  File "C:\Users\Hezh PC\AppData\Local\Programs\Python\Python312\Lib\site-packages\starlette\routing.py", line 77, in app
    await wrap_app_handling_exceptions(app, request)(scope, receive, send)
  File "C:\Users\Hezh PC\AppData\Local\Programs\Python\Python312\Lib\site-packages\starlette\_exception_handler.py", line 64, in wrapped_app
    raise exc
  File "C:\Users\Hezh PC\AppData\Local\Programs\Python\Python312\Lib\site-packages\starlette\_exception_handler.py", line 53, in wrapped_app
    await app(scope, receive, sender)
  File "C:\Users\Hezh PC\AppData\Local\Programs\Python\Python312\Lib\site-packages\starlette\routing.py", line 72, in app
    response = await func(request)
               ^^^^^^^^^^^^^^^^^^^
  File "C:\Users\Hezh PC\AppData\Local\Programs\Python\Python312\Lib\site-packages\fastapi\routing.py", line 278, in app
    raw_response = await run_endpoint_function(
                   ^^^^^^^^^^^^^^^^^^^^^^^^^^^^
  File "C:\Users\Hezh PC\AppData\Local\Programs\Python\Python312\Lib\site-packages\fastapi\routing.py", line 191, in run_endpoint_function
    return await dependant.call(**values)
           ^^^^^^^^^^^^^^^^^^^^^^^^^^^^^^
  File "C:\Users\Hezh PC\Desktop\projects\ŕäěčíęŕáĺăáîň\admin\backend\routers\logs.py", line 45, in get_user_logs
    items.append(SessionLogItem(
                 ^^^^^^^^^^^^^^^
  File "C:\Users\Hezh PC\AppData\Local\Programs\Python\Python312\Lib\site-packages\pydantic\main.py", line 176, in __init__
    self.__pydantic_validator__.validate_python(data, self_instance=self)
pydantic_core._pydantic_core.ValidationError: 1 validation error for SessionLogItem
date
  Input should be None [type=none_required, input_value=datetime.date(2026, 3, 30), input_type=date]
    For further information visit https://errors.pydantic.dev/2.7/v/none_required
INFO:     127.0.0.1:51840 - "GET /api/users?page=1&per_page=25 HTTP/1.1" 200 OK
INFO:     127.0.0.1:56181 - "GET /api/users?page=1&per_page=25 HTTP/1.1" 200 OK
INFO:     127.0.0.1:61647 - "GET /api/users/100002 HTTP/1.1" 200 OK
INFO:     127.0.0.1:51694 - "GET /api/users/100002/logs HTTP/1.1" 500 Internal Server Error
ERROR:    Exception in ASGI application
Traceback (most recent call last):
  File "C:\Users\Hezh PC\AppData\Local\Programs\Python\Python312\Lib\site-packages\uvicorn\protocols\http\httptools_impl.py", line 399, in run_asgi
    result = await app(  # type: ignore[func-returns-value]
             ^^^^^^^^^^^^^^^^^^^^^^^^^^^^^^^^^^^^^^^^^^^^^^
  File "C:\Users\Hezh PC\AppData\Local\Programs\Python\Python312\Lib\site-packages\uvicorn\middleware\proxy_headers.py", line 70, in __call__
    return await self.app(scope, receive, send)
           ^^^^^^^^^^^^^^^^^^^^^^^^^^^^^^^^^^^^
  File "C:\Users\Hezh PC\AppData\Local\Programs\Python\Python312\Lib\site-packages\fastapi\applications.py", line 1054, in __call__
    await super().__call__(scope, receive, send)
  File "C:\Users\Hezh PC\AppData\Local\Programs\Python\Python312\Lib\site-packages\starlette\applications.py", line 123, in __call__
    await self.middleware_stack(scope, receive, send)
  File "C:\Users\Hezh PC\AppData\Local\Programs\Python\Python312\Lib\site-packages\starlette\middleware\errors.py", line 186, in __call__
    raise exc
  File "C:\Users\Hezh PC\AppData\Local\Programs\Python\Python312\Lib\site-packages\starlette\middleware\errors.py", line 164, in __call__
    await self.app(scope, receive, _send)
  File "C:\Users\Hezh PC\AppData\Local\Programs\Python\Python312\Lib\site-packages\starlette\middleware\cors.py", line 85, in __call__
    await self.app(scope, receive, send)
  File "C:\Users\Hezh PC\AppData\Local\Programs\Python\Python312\Lib\site-packages\starlette\middleware\exceptions.py", line 65, in __call__
    await wrap_app_handling_exceptions(self.app, conn)(scope, receive, send)
  File "C:\Users\Hezh PC\AppData\Local\Programs\Python\Python312\Lib\site-packages\starlette\_exception_handler.py", line 64, in wrapped_app
    raise exc
  File "C:\Users\Hezh PC\AppData\Local\Programs\Python\Python312\Lib\site-packages\starlette\_exception_handler.py", line 53, in wrapped_app
    await app(scope, receive, sender)
  File "C:\Users\Hezh PC\AppData\Local\Programs\Python\Python312\Lib\site-packages\starlette\routing.py", line 756, in __call__
    await self.middleware_stack(scope, receive, send)
  File "C:\Users\Hezh PC\AppData\Local\Programs\Python\Python312\Lib\site-packages\starlette\routing.py", line 776, in app
    await route.handle(scope, receive, send)
  File "C:\Users\Hezh PC\AppData\Local\Programs\Python\Python312\Lib\site-packages\starlette\routing.py", line 297, in handle
    await self.app(scope, receive, send)
  File "C:\Users\Hezh PC\AppData\Local\Programs\Python\Python312\Lib\site-packages\starlette\routing.py", line 77, in app
    await wrap_app_handling_exceptions(app, request)(scope, receive, send)
  File "C:\Users\Hezh PC\AppData\Local\Programs\Python\Python312\Lib\site-packages\starlette\_exception_handler.py", line 64, in wrapped_app
    raise exc
  File "C:\Users\Hezh PC\AppData\Local\Programs\Python\Python312\Lib\site-packages\starlette\_exception_handler.py", line 53, in wrapped_app
    await app(scope, receive, sender)
  File "C:\Users\Hezh PC\AppData\Local\Programs\Python\Python312\Lib\site-packages\starlette\routing.py", line 72, in app
    response = await func(request)
               ^^^^^^^^^^^^^^^^^^^
  File "C:\Users\Hezh PC\AppData\Local\Programs\Python\Python312\Lib\site-packages\fastapi\routing.py", line 278, in app
    raw_response = await run_endpoint_function(
                   ^^^^^^^^^^^^^^^^^^^^^^^^^^^^
  File "C:\Users\Hezh PC\AppData\Local\Programs\Python\Python312\Lib\site-packages\fastapi\routing.py", line 191, in run_endpoint_function
    return await dependant.call(**values)
           ^^^^^^^^^^^^^^^^^^^^^^^^^^^^^^
  File "C:\Users\Hezh PC\Desktop\projects\ŕäěčíęŕáĺăáîň\admin\backend\routers\logs.py", line 45, in get_user_logs
    items.append(SessionLogItem(
                 ^^^^^^^^^^^^^^^
  File "C:\Users\Hezh PC\AppData\Local\Programs\Python\Python312\Lib\site-packages\pydantic\main.py", line 176, in __init__
    self.__pydantic_validator__.validate_python(data, self_instance=self)
pydantic_core._pydantic_core.ValidationError: 1 validation error for SessionLogItem
date
  Input should be None [type=none_required, input_value=datetime.date(2026, 4, 6), input_type=date]
    For further information visit https://errors.pydantic.dev/2.7/v/none_required
INFO:     127.0.0.1:64437 - "GET /api/users/100002 HTTP/1.1" 200 OK
INFO:     127.0.0.1:53066 - "GET /api/users/100002/logs HTTP/1.1" 500 Internal Server Error
ERROR:    Exception in ASGI application
Traceback (most recent call last):
  File "C:\Users\Hezh PC\AppData\Local\Programs\Python\Python312\Lib\site-packages\uvicorn\protocols\http\httptools_impl.py", line 399, in run_asgi
    result = await app(  # type: ignore[func-returns-value]
             ^^^^^^^^^^^^^^^^^^^^^^^^^^^^^^^^^^^^^^^^^^^^^^
  File "C:\Users\Hezh PC\AppData\Local\Programs\Python\Python312\Lib\site-packages\uvicorn\middleware\proxy_headers.py", line 70, in __call__
    return await self.app(scope, receive, send)
           ^^^^^^^^^^^^^^^^^^^^^^^^^^^^^^^^^^^^
  File "C:\Users\Hezh PC\AppData\Local\Programs\Python\Python312\Lib\site-packages\fastapi\applications.py", line 1054, in __call__
    await super().__call__(scope, receive, send)
  File "C:\Users\Hezh PC\AppData\Local\Programs\Python\Python312\Lib\site-packages\starlette\applications.py", line 123, in __call__
    await self.middleware_stack(scope, receive, send)
  File "C:\Users\Hezh PC\AppData\Local\Programs\Python\Python312\Lib\site-packages\starlette\middleware\errors.py", line 186, in __call__
    raise exc
  File "C:\Users\Hezh PC\AppData\Local\Programs\Python\Python312\Lib\site-packages\starlette\middleware\errors.py", line 164, in __call__
    await self.app(scope, receive, _send)
  File "C:\Users\Hezh PC\AppData\Local\Programs\Python\Python312\Lib\site-packages\starlette\middleware\cors.py", line 85, in __call__
    await self.app(scope, receive, send)
  File "C:\Users\Hezh PC\AppData\Local\Programs\Python\Python312\Lib\site-packages\starlette\middleware\exceptions.py", line 65, in __call__
    await wrap_app_handling_exceptions(self.app, conn)(scope, receive, send)
  File "C:\Users\Hezh PC\AppData\Local\Programs\Python\Python312\Lib\site-packages\starlette\_exception_handler.py", line 64, in wrapped_app
    raise exc
  File "C:\Users\Hezh PC\AppData\Local\Programs\Python\Python312\Lib\site-packages\starlette\_exception_handler.py", line 53, in wrapped_app
    await app(scope, receive, sender)
  File "C:\Users\Hezh PC\AppData\Local\Programs\Python\Python312\Lib\site-packages\starlette\routing.py", line 756, in __call__
    await self.middleware_stack(scope, receive, send)
  File "C:\Users\Hezh PC\AppData\Local\Programs\Python\Python312\Lib\site-packages\starlette\routing.py", line 776, in app
    await route.handle(scope, receive, send)
  File "C:\Users\Hezh PC\AppData\Local\Programs\Python\Python312\Lib\site-packages\starlette\routing.py", line 297, in handle
    await self.app(scope, receive, send)
  File "C:\Users\Hezh PC\AppData\Local\Programs\Python\Python312\Lib\site-packages\starlette\routing.py", line 77, in app
    await wrap_app_handling_exceptions(app, request)(scope, receive, send)
  File "C:\Users\Hezh PC\AppData\Local\Programs\Python\Python312\Lib\site-packages\starlette\_exception_handler.py", line 64, in wrapped_app
    raise exc
  File "C:\Users\Hezh PC\AppData\Local\Programs\Python\Python312\Lib\site-packages\starlette\_exception_handler.py", line 53, in wrapped_app
    await app(scope, receive, sender)
  File "C:\Users\Hezh PC\AppData\Local\Programs\Python\Python312\Lib\site-packages\starlette\routing.py", line 72, in app
    response = await func(request)
               ^^^^^^^^^^^^^^^^^^^
  File "C:\Users\Hezh PC\AppData\Local\Programs\Python\Python312\Lib\site-packages\fastapi\routing.py", line 278, in app
    raw_response = await run_endpoint_function(
                   ^^^^^^^^^^^^^^^^^^^^^^^^^^^^
  File "C:\Users\Hezh PC\AppData\Local\Programs\Python\Python312\Lib\site-packages\fastapi\routing.py", line 191, in run_endpoint_function
    return await dependant.call(**values)
           ^^^^^^^^^^^^^^^^^^^^^^^^^^^^^^
  File "C:\Users\Hezh PC\Desktop\projects\ŕäěčíęŕáĺăáîň\admin\backend\routers\logs.py", line 45, in get_user_logs
    items.append(SessionLogItem(
                 ^^^^^^^^^^^^^^^
  File "C:\Users\Hezh PC\AppData\Local\Programs\Python\Python312\Lib\site-packages\pydantic\main.py", line 176, in __init__
    self.__pydantic_validator__.validate_python(data, self_instance=self)
pydantic_core._pydantic_core.ValidationError: 1 validation error for SessionLogItem
date
  Input should be None [type=none_required, input_value=datetime.date(2026, 4, 6), input_type=date]
    For further information visit https://errors.pydantic.dev/2.7/v/none_required
INFO:     127.0.0.1:61651 - "GET /api/users?page=1&per_page=25 HTTP/1.1" 200 OK
INFO:     127.0.0.1:61783 - "GET /api/users?page=1&per_page=25 HTTP/1.1" 200 OK
INFO:     127.0.0.1:54853 - "GET /api/users/100004 HTTP/1.1" 200 OK
INFO:     127.0.0.1:64106 - "GET /api/users/100004/logs HTTP/1.1" 200 OK
INFO:     127.0.0.1:57664 - "GET /api/users/100004 HTTP/1.1" 200 OK
INFO:     127.0.0.1:60250 - "GET /api/users/100004/logs HTTP/1.1" 200 OK
INFO:     127.0.0.1:56205 - "GET /api/users?page=1&per_page=25 HTTP/1.1" 200 OK
INFO:     127.0.0.1:55224 - "GET /api/users?page=1&per_page=25 HTTP/1.1" 200 OK
INFO:     127.0.0.1:50571 - "GET /api/users/100006 HTTP/1.1" 200 OK
INFO:     127.0.0.1:57283 - "GET /api/users/100006/logs HTTP/1.1" 200 OK
INFO:     127.0.0.1:51794 - "GET /api/users/100006 HTTP/1.1" 200 OK
INFO:     127.0.0.1:61253 - "GET /api/users/100006/logs HTTP/1.1" 200 OK
INFO:     127.0.0.1:56380 - "GET /api/users?page=1&per_page=25 HTTP/1.1" 200 OK
INFO:     127.0.0.1:63642 - "GET /api/users?page=1&per_page=25 HTTP/1.1" 200 OK
INFO:     127.0.0.1:59858 - "GET /api/users/100001 HTTP/1.1" 200 OK
INFO:     127.0.0.1:58887 - "GET /api/users/100001/logs HTTP/1.1" 500 Internal Server Error
ERROR:    Exception in ASGI application
Traceback (most recent call last):
  File "C:\Users\Hezh PC\AppData\Local\Programs\Python\Python312\Lib\site-packages\uvicorn\protocols\http\httptools_impl.py", line 399, in run_asgi
    result = await app(  # type: ignore[func-returns-value]
             ^^^^^^^^^^^^^^^^^^^^^^^^^^^^^^^^^^^^^^^^^^^^^^
  File "C:\Users\Hezh PC\AppData\Local\Programs\Python\Python312\Lib\site-packages\uvicorn\middleware\proxy_headers.py", line 70, in __call__
    return await self.app(scope, receive, send)
           ^^^^^^^^^^^^^^^^^^^^^^^^^^^^^^^^^^^^
  File "C:\Users\Hezh PC\AppData\Local\Programs\Python\Python312\Lib\site-packages\fastapi\applications.py", line 1054, in __call__
    await super().__call__(scope, receive, send)
  File "C:\Users\Hezh PC\AppData\Local\Programs\Python\Python312\Lib\site-packages\starlette\applications.py", line 123, in __call__
    await self.middleware_stack(scope, receive, send)
  File "C:\Users\Hezh PC\AppData\Local\Programs\Python\Python312\Lib\site-packages\starlette\middleware\errors.py", line 186, in __call__
    raise exc
  File "C:\Users\Hezh PC\AppData\Local\Programs\Python\Python312\Lib\site-packages\starlette\middleware\errors.py", line 164, in __call__
    await self.app(scope, receive, _send)
  File "C:\Users\Hezh PC\AppData\Local\Programs\Python\Python312\Lib\site-packages\starlette\middleware\cors.py", line 85, in __call__
    await self.app(scope, receive, send)
  File "C:\Users\Hezh PC\AppData\Local\Programs\Python\Python312\Lib\site-packages\starlette\middleware\exceptions.py", line 65, in __call__
    await wrap_app_handling_exceptions(self.app, conn)(scope, receive, send)
  File "C:\Users\Hezh PC\AppData\Local\Programs\Python\Python312\Lib\site-packages\starlette\_exception_handler.py", line 64, in wrapped_app
    raise exc
  File "C:\Users\Hezh PC\AppData\Local\Programs\Python\Python312\Lib\site-packages\starlette\_exception_handler.py", line 53, in wrapped_app
    await app(scope, receive, sender)
  File "C:\Users\Hezh PC\AppData\Local\Programs\Python\Python312\Lib\site-packages\starlette\routing.py", line 756, in __call__
    await self.middleware_stack(scope, receive, send)
  File "C:\Users\Hezh PC\AppData\Local\Programs\Python\Python312\Lib\site-packages\starlette\routing.py", line 776, in app
    await route.handle(scope, receive, send)
  File "C:\Users\Hezh PC\AppData\Local\Programs\Python\Python312\Lib\site-packages\starlette\routing.py", line 297, in handle
    await self.app(scope, receive, send)
  File "C:\Users\Hezh PC\AppData\Local\Programs\Python\Python312\Lib\site-packages\starlette\routing.py", line 77, in app
    await wrap_app_handling_exceptions(app, request)(scope, receive, send)
  File "C:\Users\Hezh PC\AppData\Local\Programs\Python\Python312\Lib\site-packages\starlette\_exception_handler.py", line 64, in wrapped_app
    raise exc
  File "C:\Users\Hezh PC\AppData\Local\Programs\Python\Python312\Lib\site-packages\starlette\_exception_handler.py", line 53, in wrapped_app
    await app(scope, receive, sender)
  File "C:\Users\Hezh PC\AppData\Local\Programs\Python\Python312\Lib\site-packages\starlette\routing.py", line 72, in app
    response = await func(request)
               ^^^^^^^^^^^^^^^^^^^
  File "C:\Users\Hezh PC\AppData\Local\Programs\Python\Python312\Lib\site-packages\fastapi\routing.py", line 278, in app
    raw_response = await run_endpoint_function(
                   ^^^^^^^^^^^^^^^^^^^^^^^^^^^^
  File "C:\Users\Hezh PC\AppData\Local\Programs\Python\Python312\Lib\site-packages\fastapi\routing.py", line 191, in run_endpoint_function
    return await dependant.call(**values)
           ^^^^^^^^^^^^^^^^^^^^^^^^^^^^^^
  File "C:\Users\Hezh PC\Desktop\projects\ŕäěčíęŕáĺăáîň\admin\backend\routers\logs.py", line 45, in get_user_logs
    items.append(SessionLogItem(
                 ^^^^^^^^^^^^^^^
  File "C:\Users\Hezh PC\AppData\Local\Programs\Python\Python312\Lib\site-packages\pydantic\main.py", line 176, in __init__
    self.__pydantic_validator__.validate_python(data, self_instance=self)
pydantic_core._pydantic_core.ValidationError: 1 validation error for SessionLogItem
date
  Input should be None [type=none_required, input_value=datetime.date(2026, 3, 30), input_type=date]
    For further information visit https://errors.pydantic.dev/2.7/v/none_required
INFO:     127.0.0.1:59809 - "GET /api/users/100001 HTTP/1.1" 200 OK
INFO:     127.0.0.1:51009 - "GET /api/users/100001/logs HTTP/1.1" 500 Internal Server Error
ERROR:    Exception in ASGI application
Traceback (most recent call last):
  File "C:\Users\Hezh PC\AppData\Local\Programs\Python\Python312\Lib\site-packages\uvicorn\protocols\http\httptools_impl.py", line 399, in run_asgi
    result = await app(  # type: ignore[func-returns-value]
             ^^^^^^^^^^^^^^^^^^^^^^^^^^^^^^^^^^^^^^^^^^^^^^
  File "C:\Users\Hezh PC\AppData\Local\Programs\Python\Python312\Lib\site-packages\uvicorn\middleware\proxy_headers.py", line 70, in __call__
    return await self.app(scope, receive, send)
           ^^^^^^^^^^^^^^^^^^^^^^^^^^^^^^^^^^^^
  File "C:\Users\Hezh PC\AppData\Local\Programs\Python\Python312\Lib\site-packages\fastapi\applications.py", line 1054, in __call__
    await super().__call__(scope, receive, send)
  File "C:\Users\Hezh PC\AppData\Local\Programs\Python\Python312\Lib\site-packages\starlette\applications.py", line 123, in __call__
    await self.middleware_stack(scope, receive, send)
  File "C:\Users\Hezh PC\AppData\Local\Programs\Python\Python312\Lib\site-packages\starlette\middleware\errors.py", line 186, in __call__
    raise exc
  File "C:\Users\Hezh PC\AppData\Local\Programs\Python\Python312\Lib\site-packages\starlette\middleware\errors.py", line 164, in __call__
    await self.app(scope, receive, _send)
  File "C:\Users\Hezh PC\AppData\Local\Programs\Python\Python312\Lib\site-packages\starlette\middleware\cors.py", line 85, in __call__
    await self.app(scope, receive, send)
  File "C:\Users\Hezh PC\AppData\Local\Programs\Python\Python312\Lib\site-packages\starlette\middleware\exceptions.py", line 65, in __call__
    await wrap_app_handling_exceptions(self.app, conn)(scope, receive, send)
  File "C:\Users\Hezh PC\AppData\Local\Programs\Python\Python312\Lib\site-packages\starlette\_exception_handler.py", line 64, in wrapped_app
    raise exc
  File "C:\Users\Hezh PC\AppData\Local\Programs\Python\Python312\Lib\site-packages\starlette\_exception_handler.py", line 53, in wrapped_app
    await app(scope, receive, sender)
  File "C:\Users\Hezh PC\AppData\Local\Programs\Python\Python312\Lib\site-packages\starlette\routing.py", line 756, in __call__
    await self.middleware_stack(scope, receive, send)
  File "C:\Users\Hezh PC\AppData\Local\Programs\Python\Python312\Lib\site-packages\starlette\routing.py", line 776, in app
    await route.handle(scope, receive, send)
  File "C:\Users\Hezh PC\AppData\Local\Programs\Python\Python312\Lib\site-packages\starlette\routing.py", line 297, in handle
    await self.app(scope, receive, send)
  File "C:\Users\Hezh PC\AppData\Local\Programs\Python\Python312\Lib\site-packages\starlette\routing.py", line 77, in app
    await wrap_app_handling_exceptions(app, request)(scope, receive, send)
  File "C:\Users\Hezh PC\AppData\Local\Programs\Python\Python312\Lib\site-packages\starlette\_exception_handler.py", line 64, in wrapped_app
    raise exc
  File "C:\Users\Hezh PC\AppData\Local\Programs\Python\Python312\Lib\site-packages\starlette\_exception_handler.py", line 53, in wrapped_app
    await app(scope, receive, sender)
  File "C:\Users\Hezh PC\AppData\Local\Programs\Python\Python312\Lib\site-packages\starlette\routing.py", line 72, in app
    response = await func(request)
               ^^^^^^^^^^^^^^^^^^^
  File "C:\Users\Hezh PC\AppData\Local\Programs\Python\Python312\Lib\site-packages\fastapi\routing.py", line 278, in app
    raw_response = await run_endpoint_function(
                   ^^^^^^^^^^^^^^^^^^^^^^^^^^^^
  File "C:\Users\Hezh PC\AppData\Local\Programs\Python\Python312\Lib\site-packages\fastapi\routing.py", line 191, in run_endpoint_function
    return await dependant.call(**values)
           ^^^^^^^^^^^^^^^^^^^^^^^^^^^^^^
  File "C:\Users\Hezh PC\Desktop\projects\ŕäěčíęŕáĺăáîň\admin\backend\routers\logs.py", line 45, in get_user_logs
    items.append(SessionLogItem(
                 ^^^^^^^^^^^^^^^
  File "C:\Users\Hezh PC\AppData\Local\Programs\Python\Python312\Lib\site-packages\pydantic\main.py", line 176, in __init__
    self.__pydantic_validator__.validate_python(data, self_instance=self)
pydantic_core._pydantic_core.ValidationError: 1 validation error for SessionLogItem
date
  Input should be None [type=none_required, input_value=datetime.date(2026, 3, 30), input_type=date]
    For further information visit https://errors.pydantic.dev/2.7/v/none_required
INFO:     127.0.0.1:59799 - "GET /api/users?page=1&per_page=25 HTTP/1.1" 200 OK
INFO:     127.0.0.1:59239 - "GET /api/users?page=1&per_page=25 HTTP/1.1" 200 OK
INFO:     127.0.0.1:50651 - "GET /api/users/100004 HTTP/1.1" 200 OK
INFO:     127.0.0.1:50653 - "GET /api/users/100004/logs HTTP/1.1" 200 OK
INFO:     127.0.0.1:64293 - "GET /api/users/100004 HTTP/1.1" 200 OK
INFO:     127.0.0.1:65260 - "GET /api/users/100004/logs HTTP/1.1" 200 OK
INFO:     127.0.0.1:50349 - "GET /api/analytics/by-level HTTP/1.1" 200 OK
INFO:     127.0.0.1:62363 - "GET /api/analytics/completion-chart HTTP/1.1" 200 OK
INFO:     127.0.0.1:62364 - "GET /api/analytics/summary HTTP/1.1" 200 OK
INFO:     127.0.0.1:50324 - "GET /api/analytics/by-level HTTP/1.1" 200 OK
INFO:     127.0.0.1:50326 - "GET /api/analytics/completion-chart HTTP/1.1" 200 OK
INFO:     127.0.0.1:55768 - "GET /api/analytics/summary HTTP/1.1" 200 OK
INFO:     127.0.0.1:55610 - "GET /api/workouts HTTP/1.1" 200 OK
INFO:     127.0.0.1:53925 - "GET /api/workouts HTTP/1.1" 200 OK
INFO:     127.0.0.1:55314 - "GET /api/users?page=1&per_page=25 HTTP/1.1" 200 OK
INFO:     127.0.0.1:55159 - "GET /api/users?page=1&per_page=25 HTTP/1.1" 200 OK
INFO:     127.0.0.1:53382 - "GET /api/users?page=1&per_page=25 HTTP/1.1" 200 OK
INFO:     127.0.0.1:53384 - "GET /api/users?page=1&per_page=25 HTTP/1.1" 200 OK
INFO:     127.0.0.1:65273 - "GET /api/users?page=1&per_page=25 HTTP/1.1" 200 OK
INFO:     127.0.0.1:65275 - "GET /api/users?page=1&per_page=25 HTTP/1.1" 200 OK
INFO:     127.0.0.1:62159 - "GET /api/users?page=1&per_page=25 HTTP/1.1" 200 OK
INFO:     127.0.0.1:62161 - "GET /api/users?page=1&per_page=25 HTTP/1.1" 200 OK
INFO:     127.0.0.1:59118 - "GET /api/users?page=1&per_page=25 HTTP/1.1" 200 OK
INFO:     127.0.0.1:59120 - "GET /api/users?page=1&per_page=25 HTTP/1.1" 200 OK
INFO:     127.0.0.1:57318 - "GET /api/users/100001 HTTP/1.1" 200 OK
INFO:     127.0.0.1:59870 - "GET /api/users/100001/logs HTTP/1.1" 500 Internal Server Error
ERROR:    Exception in ASGI application
Traceback (most recent call last):
  File "C:\Users\Hezh PC\AppData\Local\Programs\Python\Python312\Lib\site-packages\uvicorn\protocols\http\httptools_impl.py", line 399, in run_asgi
    result = await app(  # type: ignore[func-returns-value]
             ^^^^^^^^^^^^^^^^^^^^^^^^^^^^^^^^^^^^^^^^^^^^^^
  File "C:\Users\Hezh PC\AppData\Local\Programs\Python\Python312\Lib\site-packages\uvicorn\middleware\proxy_headers.py", line 70, in __call__
    return await self.app(scope, receive, send)
           ^^^^^^^^^^^^^^^^^^^^^^^^^^^^^^^^^^^^
  File "C:\Users\Hezh PC\AppData\Local\Programs\Python\Python312\Lib\site-packages\fastapi\applications.py", line 1054, in __call__
    await super().__call__(scope, receive, send)
  File "C:\Users\Hezh PC\AppData\Local\Programs\Python\Python312\Lib\site-packages\starlette\applications.py", line 123, in __call__
    await self.middleware_stack(scope, receive, send)
  File "C:\Users\Hezh PC\AppData\Local\Programs\Python\Python312\Lib\site-packages\starlette\middleware\errors.py", line 186, in __call__
    raise exc
  File "C:\Users\Hezh PC\AppData\Local\Programs\Python\Python312\Lib\site-packages\starlette\middleware\errors.py", line 164, in __call__
    await self.app(scope, receive, _send)
  File "C:\Users\Hezh PC\AppData\Local\Programs\Python\Python312\Lib\site-packages\starlette\middleware\cors.py", line 85, in __call__
    await self.app(scope, receive, send)
  File "C:\Users\Hezh PC\AppData\Local\Programs\Python\Python312\Lib\site-packages\starlette\middleware\exceptions.py", line 65, in __call__
    await wrap_app_handling_exceptions(self.app, conn)(scope, receive, send)
  File "C:\Users\Hezh PC\AppData\Local\Programs\Python\Python312\Lib\site-packages\starlette\_exception_handler.py", line 64, in wrapped_app
    raise exc
  File "C:\Users\Hezh PC\AppData\Local\Programs\Python\Python312\Lib\site-packages\starlette\_exception_handler.py", line 53, in wrapped_app
    await app(scope, receive, sender)
  File "C:\Users\Hezh PC\AppData\Local\Programs\Python\Python312\Lib\site-packages\starlette\routing.py", line 756, in __call__
    await self.middleware_stack(scope, receive, send)
  File "C:\Users\Hezh PC\AppData\Local\Programs\Python\Python312\Lib\site-packages\starlette\routing.py", line 776, in app
    await route.handle(scope, receive, send)
  File "C:\Users\Hezh PC\AppData\Local\Programs\Python\Python312\Lib\site-packages\starlette\routing.py", line 297, in handle
    await self.app(scope, receive, send)
  File "C:\Users\Hezh PC\AppData\Local\Programs\Python\Python312\Lib\site-packages\starlette\routing.py", line 77, in app
    await wrap_app_handling_exceptions(app, request)(scope, receive, send)
  File "C:\Users\Hezh PC\AppData\Local\Programs\Python\Python312\Lib\site-packages\starlette\_exception_handler.py", line 64, in wrapped_app
    raise exc
  File "C:\Users\Hezh PC\AppData\Local\Programs\Python\Python312\Lib\site-packages\starlette\_exception_handler.py", line 53, in wrapped_app
    await app(scope, receive, sender)
  File "C:\Users\Hezh PC\AppData\Local\Programs\Python\Python312\Lib\site-packages\starlette\routing.py", line 72, in app
    response = await func(request)
               ^^^^^^^^^^^^^^^^^^^
  File "C:\Users\Hezh PC\AppData\Local\Programs\Python\Python312\Lib\site-packages\fastapi\routing.py", line 278, in app
    raw_response = await run_endpoint_function(
                   ^^^^^^^^^^^^^^^^^^^^^^^^^^^^
  File "C:\Users\Hezh PC\AppData\Local\Programs\Python\Python312\Lib\site-packages\fastapi\routing.py", line 191, in run_endpoint_function
    return await dependant.call(**values)
           ^^^^^^^^^^^^^^^^^^^^^^^^^^^^^^
  File "C:\Users\Hezh PC\Desktop\projects\ŕäěčíęŕáĺăáîň\admin\backend\routers\logs.py", line 45, in get_user_logs
    items.append(SessionLogItem(
                 ^^^^^^^^^^^^^^^
  File "C:\Users\Hezh PC\AppData\Local\Programs\Python\Python312\Lib\site-packages\pydantic\main.py", line 176, in __init__
    self.__pydantic_validator__.validate_python(data, self_instance=self)
pydantic_core._pydantic_core.ValidationError: 1 validation error for SessionLogItem
date
  Input should be None [type=none_required, input_value=datetime.date(2026, 3, 30), input_type=date]
    For further information visit https://errors.pydantic.dev/2.7/v/none_required
INFO:     127.0.0.1:51469 - "GET /api/users/100001 HTTP/1.1" 200 OK
INFO:     127.0.0.1:49497 - "GET /api/users/100001/logs HTTP/1.1" 500 Internal Server Error
ERROR:    Exception in ASGI application
Traceback (most recent call last):
  File "C:\Users\Hezh PC\AppData\Local\Programs\Python\Python312\Lib\site-packages\uvicorn\protocols\http\httptools_impl.py", line 399, in run_asgi
    result = await app(  # type: ignore[func-returns-value]
             ^^^^^^^^^^^^^^^^^^^^^^^^^^^^^^^^^^^^^^^^^^^^^^
  File "C:\Users\Hezh PC\AppData\Local\Programs\Python\Python312\Lib\site-packages\uvicorn\middleware\proxy_headers.py", line 70, in __call__
    return await self.app(scope, receive, send)
           ^^^^^^^^^^^^^^^^^^^^^^^^^^^^^^^^^^^^
  File "C:\Users\Hezh PC\AppData\Local\Programs\Python\Python312\Lib\site-packages\fastapi\applications.py", line 1054, in __call__
    await super().__call__(scope, receive, send)
  File "C:\Users\Hezh PC\AppData\Local\Programs\Python\Python312\Lib\site-packages\starlette\applications.py", line 123, in __call__
    await self.middleware_stack(scope, receive, send)
  File "C:\Users\Hezh PC\AppData\Local\Programs\Python\Python312\Lib\site-packages\starlette\middleware\errors.py", line 186, in __call__
    raise exc
  File "C:\Users\Hezh PC\AppData\Local\Programs\Python\Python312\Lib\site-packages\starlette\middleware\errors.py", line 164, in __call__
    await self.app(scope, receive, _send)
  File "C:\Users\Hezh PC\AppData\Local\Programs\Python\Python312\Lib\site-packages\starlette\middleware\cors.py", line 85, in __call__
    await self.app(scope, receive, send)
  File "C:\Users\Hezh PC\AppData\Local\Programs\Python\Python312\Lib\site-packages\starlette\middleware\exceptions.py", line 65, in __call__
    await wrap_app_handling_exceptions(self.app, conn)(scope, receive, send)
  File "C:\Users\Hezh PC\AppData\Local\Programs\Python\Python312\Lib\site-packages\starlette\_exception_handler.py", line 64, in wrapped_app
    raise exc
  File "C:\Users\Hezh PC\AppData\Local\Programs\Python\Python312\Lib\site-packages\starlette\_exception_handler.py", line 53, in wrapped_app
    await app(scope, receive, sender)
  File "C:\Users\Hezh PC\AppData\Local\Programs\Python\Python312\Lib\site-packages\starlette\routing.py", line 756, in __call__
    await self.middleware_stack(scope, receive, send)
  File "C:\Users\Hezh PC\AppData\Local\Programs\Python\Python312\Lib\site-packages\starlette\routing.py", line 776, in app
    await route.handle(scope, receive, send)
  File "C:\Users\Hezh PC\AppData\Local\Programs\Python\Python312\Lib\site-packages\starlette\routing.py", line 297, in handle
    await self.app(scope, receive, send)
  File "C:\Users\Hezh PC\AppData\Local\Programs\Python\Python312\Lib\site-packages\starlette\routing.py", line 77, in app
    await wrap_app_handling_exceptions(app, request)(scope, receive, send)
  File "C:\Users\Hezh PC\AppData\Local\Programs\Python\Python312\Lib\site-packages\starlette\_exception_handler.py", line 64, in wrapped_app
    raise exc
  File "C:\Users\Hezh PC\AppData\Local\Programs\Python\Python312\Lib\site-packages\starlette\_exception_handler.py", line 53, in wrapped_app
    await app(scope, receive, sender)
  File "C:\Users\Hezh PC\AppData\Local\Programs\Python\Python312\Lib\site-packages\starlette\routing.py", line 72, in app
    response = await func(request)
               ^^^^^^^^^^^^^^^^^^^
  File "C:\Users\Hezh PC\AppData\Local\Programs\Python\Python312\Lib\site-packages\fastapi\routing.py", line 278, in app
    raw_response = await run_endpoint_function(
                   ^^^^^^^^^^^^^^^^^^^^^^^^^^^^
  File "C:\Users\Hezh PC\AppData\Local\Programs\Python\Python312\Lib\site-packages\fastapi\routing.py", line 191, in run_endpoint_function
    return await dependant.call(**values)
           ^^^^^^^^^^^^^^^^^^^^^^^^^^^^^^
  File "C:\Users\Hezh PC\Desktop\projects\ŕäěčíęŕáĺăáîň\admin\backend\routers\logs.py", line 45, in get_user_logs
    items.append(SessionLogItem(
                 ^^^^^^^^^^^^^^^
  File "C:\Users\Hezh PC\AppData\Local\Programs\Python\Python312\Lib\site-packages\pydantic\main.py", line 176, in __init__
    self.__pydantic_validator__.validate_python(data, self_instance=self)
pydantic_core._pydantic_core.ValidationError: 1 validation error for SessionLogItem
date
  Input should be None [type=none_required, input_value=datetime.date(2026, 3, 30), input_type=date]
    For further information visit https://errors.pydantic.dev/2.7/v/none_required
INFO:     127.0.0.1:58226 - "GET /api/users?page=1&per_page=25 HTTP/1.1" 200 OK
INFO:     127.0.0.1:59145 - "GET /api/users?page=1&per_page=25 HTTP/1.1" 200 OK
INFO:     127.0.0.1:63072 - "GET /api/users/100005 HTTP/1.1" 200 OK
INFO:     127.0.0.1:51778 - "GET /api/users/100005/logs HTTP/1.1" 200 OK
INFO:     127.0.0.1:51381 - "GET /api/users/100005 HTTP/1.1" 200 OK
INFO:     127.0.0.1:64514 - "GET /api/users/100005/logs HTTP/1.1" 200 OK
INFO:     127.0.0.1:59963 - "GET /api/workouts HTTP/1.1" 200 OK
INFO:     127.0.0.1:62933 - "GET /api/workouts HTTP/1.1" 200 OK
INFO:     127.0.0.1:55380 - "GET /api/analytics/completion-chart HTTP/1.1" 200 OK
INFO:     127.0.0.1:55381 - "GET /api/analytics/by-level HTTP/1.1" 200 OK
INFO:     127.0.0.1:55378 - "GET /api/analytics/summary HTTP/1.1" 200 OK
INFO:     127.0.0.1:54026 - "GET /api/analytics/completion-chart HTTP/1.1" 200 OK
INFO:     127.0.0.1:61961 - "GET /api/analytics/by-level HTTP/1.1" 200 OK
INFO:     127.0.0.1:61963 - "GET /api/analytics/summary HTTP/1.1" 200 OK
